Case #1:
Impossible
Case #2:
Impossible
Case #3:
c***
****
****
****
****
Case #4:
c**
***
***
***
Case #5:
c**
***
***
***
***
Case #6:
Impossible
Case #7:
c....
.....
.....
.....
.....
Case #8:
Impossible
Case #9:
c....
.....
*****
Case #10:
Impossible
Case #11:
c.
..
Case #12:
c.*
..*
***
***
Case #13:
c**
***
***
Case #14:
Case #15:
Impossible
Case #16:
c***
Case #17:
c****
*****
Case #18:
Impossible
Case #19:
Impossible
Case #20:
c....
.....
.....
.....
Case #21:
c..
...
***
***
***
Case #22:
Impossible
Case #23:
c...
....
....
****
Case #24:
c.
..
..
Case #25:
Impossible
Case #26:
c..**
....*
....*
*...*
Case #27:
c...
....
....
Case #28:
c.
..
..
**
Case #29:
c*
**
**
Case #30:
c..
...
...
...
...
Case #31:
c*
Case #32:
c..
...
...
*..
Case #33:
c..
...
...
***
Case #34:
c***
****
Case #35:
Impossible
Case #36:
c.
..
..
**
**
Case #37:
c.***
..***
*****
*****
*****
Case #38:
Impossible
Case #39:
c*
**
**
**
Case #40:
c.*
..*
..*
..*
Case #41:
Impossible
Case #42:
c..
...
...
***
***
Case #43:
c...*
....*
....*
*****
Case #44:
Impossible
Case #45:
c.***
..***
*****
Case #46:
Impossible
Case #47:
c.***
..***
Case #48:
Impossible
Case #49:
c.
..
**
**
**
Case #50:
c..*
...*
****
****
Case #51:
c....
.....
Case #52:
c..*
...*
...*
****
****
Case #53:
Impossible
Case #54:
c..**
...**
...**
*****
*****
Case #55:
c.
..
**
**
Case #56:
c.*
..*
***
***
***
Case #57:
Impossible
Case #58:
Impossible
Case #59:
c..
...
Case #60:
c..*
....
....
*...
****
Case #61:
c....
.....
....*
....*
*****
Case #62:
Impossible
Case #63:
Impossible
Case #64:
Impossible
Case #65:
c..**
....*
....*
*...*
*****
Case #66:
Impossible
Case #67:
c****
*****
*****
*****
*****
Case #68:
c.**
..**
****
Case #69:
c...
....
...*
****
Case #70:
c..
...
...
Case #71:
c...*
....*
.....
.....
**...
Case #72:
c..**
...**
...**
*****
Case #73:
Impossible
Case #74:
Impossible
Case #75:
Impossible
Case #76:
c...*
....*
....*
....*
Case #77:
Impossible
Case #78:
c...
....
....
....
Case #79:
c..*
...*
Case #80:
Impossible
Case #81:
Case #82:
Impossible
Case #83:
Impossible
Case #84:
c....
Case #85:
Impossible
Case #86:
*....
.....
....c
Case #87:
c...*
....*
...**
*****
Case #88:
Impossible
Case #89:
c..**
...**
*****
*****
*****
Case #90:
Impossible
Case #91:
c
Case #92:
c..*
...*
****
Case #93:
c...*
....*
....*
....*
*****
Case #94:
Impossible
Case #95:
Impossible
Case #96:
Impossible
Case #97:
c....
.....
.....
.....
*****
Case #98:
c...
....
....
....
****
Case #99:
c
.
*
Case #100:
c....
.....
.....
*****
Case #101:
c..
Case #102:
Impossible
Case #103:
Impossible
Case #104:
c***
****
****
****
Case #105:
Impossible
Case #106:
Impossible
Case #107:
Impossible
Case #108:
Case #109:
Impossible
Case #110:
Impossible
Case #111:
c...*
....*
....*
Case #112:
c..
...
...
...
Case #113:
c.*
..*
***
Case #114:
c...
....
...*
Case #115:
Impossible
Case #116:
Impossible
Case #117:
c
.
.
.
.
Case #118:
Case #119:
c**
Case #120:
c...*
....*
...**
*****
*****
Case #121:
c..*
....
....
*...
Case #122:
Impossible
Case #123:
c...
....
....
....
...*
Case #124:
c..**
...**
*****
Case #125:
c.**
Case #126:
c...
....
....
....
....
Case #127:
Impossible
Case #128:
Impossible
Case #129:
Impossible
Case #130:
c...
....
....
****
****
Case #131:
Impossible
Case #132:
Impossible
Case #133:
Impossible
Case #134:
c...
....
....
....
**..
Case #135:
c...*
....*
....*
*****
*****
Case #136:
Impossible
Case #137:
Impossible
Case #138:
c..**
...**
...**
Case #139:
Impossible
Case #140:
c..*
...*
...*
Case #141:
Impossible
Case #142:
c.***
..***
*****
*****
Case #143:
c..
...
***
***
Case #144:
c
*
*
*
Case #145:
Impossible
Case #146:
Impossible
Case #147:
Impossible
Case #148:
c....
.....
.....
....*
*****
Case #149:
Impossible
Case #150:
c****
*****
*****
Case #151:
c..*
...*
****
****
****
Case #152:
Case #153:
Impossible
Case #154:
c*
**
Case #155:
Impossible
Case #156:
c.***
Case #157:
Impossible
Case #158:
Impossible
Case #159:
c***
****
****
Case #160:
c...
....
...*
****
****
Case #161:
c..*
...*
...*
...*
...*
Case #162:
c.**
..**
Case #163:
Impossible
Case #164:
Impossible
Case #165:
Impossible
Case #166:
Impossible
Case #167:
Impossible
Case #168:
Impossible
Case #169:
Impossible
Case #170:
c
*
Case #171:
c.*
Case #172:
c.
Case #173:
c..**
...**
Case #174:
c....
.....
.....
Case #175:
c...*
....*
...**
Case #176:
Impossible
Case #177:
Impossible
Case #178:
c
.
Case #179:
c
*
*
Case #180:
*....
....c
Case #181:
Impossible
Case #182:
Impossible
Case #183:
c..**
...**
*****
*****
Case #184:
c..
...
...
...
***
Case #185:
Impossible
Case #186:
c****
Case #187:
c..*
...*
...*
****
Case #188:
c...
....
****
Case #189:
c...
Case #190:
Impossible
Case #191:
c.*
..*
..*
..*
..*
Case #192:
c.
..
..
..
..
Case #193:
c.
..
..
..
Case #194:
c.**
..**
****
****
Case #195:
c
*
*
*
*
Case #196:
Impossible
Case #197:
Impossible
Case #198:
Impossible
Case #199:
c.**
..**
****
****
****
Case #200:
c**
***
Case #201:
Impossible
Case #202:
c....
.....
....*
....*
Case #203:
c****
*****
*****
*****
Case #204:
c.*
..*
Case #205:
c
.
.
Case #206:
c.
..
**
Case #207:
*.
..
..
..
..
.c
Case #208:
c*
**
**
**
**
Case #209:
Impossible
Case #210:
c..
...
***
Case #211:
Impossible
Case #212:
Impossible
Case #213:
Impossible
Case #214:
c
.
*
*
*
Case #215:
Impossible
Case #216:
Impossible
Case #217:
Impossible
Case #218:
c..
...
...
*..
***
Case #219:
c
.
.
.
Case #220:
Impossible
Case #221:
Impossible
Case #222:
Impossible
Case #223:
c....
.....
.....
....*
Case #224:
c...
....
Case #225:
c
.
*
*