Case #1:
Impossible
Case #2:
Impossible
Case #3:
c....
.....
....*
....*
Case #4:
Impossible
Case #5:
Impossible
Case #6:
Impossible
Case #7:
Impossible
Case #8:
Impossible
Case #9:
Impossible
Case #10:
c...*
....*
...**
*****
*****
Case #11:
Impossible
Case #12:
Impossible
Case #13:
Impossible
Case #14:
c...*
....*
....*
Case #15:
Impossible
Case #16:
Impossible
Case #17:
Impossible
Case #18:
c..**
...**
...**
*****
*****
Case #19:
Impossible
Case #20:
Impossible
Case #21:
Impossible
Case #22:
c...
....
...*
****
Case #23:
Impossible
Case #24:
Impossible
Case #25:
Impossible
Case #26:
c.
..
Case #27:
Impossible
Case #28:
Impossible
Case #29:
c..
...
...
...
***
Case #30:
Impossible
Case #31:
Impossible
Case #32:
Impossible
Case #33:
Impossible
Case #34:
Impossible
Case #35:
c...
....
....
....
****
Case #36:
Impossible
Case #37:
c....
.....
.....
....*
Case #38:
Impossible
Case #39:
c
.
*
*
Case #40:
Impossible
Case #41:
Impossible
Case #42:
c...
....
...*
****
****
Case #43:
Impossible
Case #44:
Impossible
Case #45:
c..
...
...
***
***
Case #46:
Impossible
Case #47:
Impossible
Case #48:
Impossible
Case #49:
Impossible
Case #50:
Impossible
Case #51:
Impossible
Case #52:
Impossible
Case #53:
Impossible
Case #54:
c...
....
....
****
Case #55:
Impossible
Case #56:
Impossible
Case #57:
Impossible
Case #58:
Impossible
Case #59:
Impossible
Case #60:
Impossible
Case #61:
Impossible
Case #62:
Impossible
Case #63:
Impossible
Case #64:
Impossible
Case #65:
c...*
....*
...**
Case #66:
Impossible
Case #67:
Impossible
Case #68:
Impossible
Case #69:
c....
.....
.....
....*
*****
Case #70:
Impossible
Case #71:
Impossible
Case #72:
c.***
Case #73:
c...*
....*
....*
*****
Case #74:
Impossible
Case #75:
c..**
...**
...**
*****
Case #76:
c....
.....
.....
Case #77:
Impossible
Case #78:
c....
.....
.....
.....
.....
Case #79:
Impossible
Case #80:
c..*
...*
...*
Case #81:
Impossible
Case #82:
Impossible
Case #83:
Impossible
Case #84:
Impossible
Case #85:
Impossible
Case #86:
c..**
....*
....*
*...*
*****
Case #87:
Impossible
Case #88:
Impossible
Case #89:
Impossible
Case #90:
Impossible
Case #91:
c..*
...*
...*
****
****
Case #92:
Impossible
Case #93:
c....
Case #94:
c.
..
..
..
..
Case #95:
c..
...
...
*..
Case #96:
Impossible
Case #97:
c..
...
...
...
Case #98:
c
.
*
Case #99:
c...
....
...*
Case #100:
Impossible
Case #101:
c...
....
....
....
**..
Case #102:
Impossible
Case #103:
Impossible
Case #104:
Impossible
Case #105:
Impossible
Case #106:
Impossible
Case #107:
Impossible
Case #108:
c
.
.
.
.
Case #109:
Impossible
Case #110:
Impossible
Case #111:
c..
...
Case #112:
Impossible
Case #113:
Impossible
Case #114:
Impossible
Case #115:
Impossible
Case #116:
Impossible
Case #117:
Impossible
Case #118:
Impossible
Case #119:
c.
..
..
Case #120:
Impossible
Case #121:
Impossible
Case #122:
c..
...
...
***
Case #123:
Impossible
Case #124:
Impossible
Case #125:
Impossible
Case #126:
Impossible
Case #127:
Impossible
Case #128:
Impossible
Case #129:
Impossible
Case #130:
Impossible
Case #131:
Impossible
Case #132:
Impossible
Case #133:
Impossible
Case #134:
c.*
Case #135:
Impossible
Case #136:
c..*
....
....
*...
****
Case #137:
Impossible
Case #138:
c...*
....*
....*
....*
Case #139:
Impossible
Case #140:
Impossible
Case #141:
Impossible
Case #142:
Impossible
Case #143:
Impossible
Case #144:
Impossible
Case #145:
Impossible
Case #146:
Impossible
Case #147:
c..
...
...
*..
***
Case #148:
c...*
....*
...**
*****
Case #149:
c...
Case #150:
Impossible
Case #151:
Impossible
Case #152:
Impossible
Case #153:
Impossible
Case #154:
Impossible
Case #155:
Impossible
Case #156:
Impossible
Case #157:
c
.
.
.
Case #158:
Impossible
Case #159:
Impossible
Case #160:
c..
...
...
Case #161:
Impossible
Case #162:
Impossible
Case #163:
c
.
.
Case #164:
c....
.....
Case #165:
c...*
....*
....*
....*
*****
Case #166:
Impossible
Case #167:
Impossible
Case #168:
Impossible
Case #169:
Impossible
Case #170:
c.
..
..
..
Case #171:
Impossible
Case #172:
Impossible
Case #173:
Impossible
Case #174:
c...*
....*
.....
.....
**...
Case #175:
Impossible
Case #176:
Impossible
Case #177:
Impossible
Case #178:
Impossible
Case #179:
Impossible
Case #180:
Impossible
Case #181:
Impossible
Case #182:
c
Case #183:
Impossible
Case #184:
Impossible
Case #185:
Impossible
Case #186:
c..**
...**
...**
Case #187:
Impossible
Case #188:
c...
....
....
....
Case #189:
c..
Case #190:
Impossible
Case #191:
Impossible
Case #192:
Impossible
Case #193:
c
.
*
*
*
Case #194:
c..
...
...
...
...
Case #195:
Impossible
Case #196:
Impossible
Case #197:
Impossible
Case #198:
c..*
...*
...*
****
Case #199:
c.**
Case #200:
Impossible
Case #201:
c...
....
....
Case #202:
Impossible
Case #203:
Impossible
Case #204:
c...*
....*
....*
*****
*****
Case #205:
Impossible
Case #206:
Impossible
Case #207:
c
.
Case #208:
Impossible
Case #209:
Impossible
Case #210:
c...
....
....
....
....
Case #211:
c...
....
....
****
****
Case #212:
c....
.....
....*
....*
*****
Case #213:
Impossible
Case #214:
c..**
....*
....*
*...*
Case #215:
c..*
....
....
*...
Case #216:
c...
....
Case #217:
Impossible
Case #218:
c.
Case #219:
Impossible
Case #220:
Impossible
Case #221:
Impossible
Case #222:
c...
....
....
....
...*
Case #223:
Impossible
Case #224:
c....
.....
.....
.....
Case #225:
Impossible